Using pre-set license
Built from '2020.3/staging' branch; Version is '2020.3.11f1 (99c7afb366b3) revision 10078127'; Using compiler version '192528614'; Build Type 'Release'
OS: 'Windows 10 Home; OS build 19042.1415; Version 2009; 64bit' Language: 'en' Physical Memory: 7934 MB
BatchMode: 1, IsHumanControllingUs: 0, StartBugReporterOnCrash: 0, Is64bit: 1, IsPro: 0

 COMMAND LINE ARGUMENTS:
C:\Program Files\2020.3.10f1\Editor\Unity.exe
-adb2
-batchMode
-noUpm
-name
AssetImportWorker0
-projectPath
C:/Users/ahmet/Documents/GitHub/ColorLogic/ColorLogic
-logFile
Logs/AssetImportWorker0.log
-srvPort
57071
Successfully changed project path to: C:/Users/ahmet/Documents/GitHub/ColorLogic/ColorLogic
C:/Users/ahmet/Documents/GitHub/ColorLogic/ColorLogic
Using Asset Import Pipeline V2.
Refreshing native plugins compatible for Editor in 42.27 ms, found 3 plugins.
Preloading 0 native plugins for Editor in 0.00 ms.
Initialize engine version: 2020.3.11f1 (99c7afb366b3)
[Subsystems] Discovering subsystems at path C:/Program Files/2020.3.10f1/Editor/Data/Resources/UnitySubsystems
[Subsystems] Discovering subsystems at path C:/Users/ahmet/Documents/GitHub/ColorLogic/ColorLogic/Assets
GfxDevice: creating device client; threaded=0
Direct3D:
    Version:  Direct3D 11.0 [level 11.1]
    Renderer: Intel(R) UHD Graphics (ID=0x8a56)
    Vendor:   
    VRAM:     3967 MB
    Driver:   27.20.100.8729
Initialize mono
Mono path[0] = 'C:/Program Files/2020.3.10f1/Editor/Data/Managed'
Mono path[1] = 'C:/Program Files/2020.3.10f1/Editor/Data/MonoBleedingEdge/lib/mono/unityjit'
Mono config path = 'C:/Program Files/2020.3.10f1/Editor/Data/MonoBleedingEdge/etc'
Using monoOptions --debugger-agent=transport=dt_socket,embedding=1,server=y,suspend=n,address=127.0.0.1:56076
Begin MonoManager ReloadAssembly
Registering precompiled unity dll's ...
Register platform support module: C:/Program Files/2020.3.10f1/Editor/Data/PlaybackEngines/WindowsStandaloneSupport/UnityEditor.WindowsStandalone.Extensions.dll
Registered in 0.001703 seconds.
Native extension for WindowsStandalone target not found
Refreshing native plugins compatible for Editor in 41.32 ms, found 3 plugins.
Preloading 0 native plugins for Editor in 0.00 ms.
Mono: successfully reloaded assembly
- Completed reload, in  1.341 seconds
Platform modules already initialized, skipping
Registering precompiled user dll's ...
Registered in 0.002553 seconds.
Begin MonoManager ReloadAssembly
Native extension for WindowsStandalone target not found
Refreshing native plugins compatible for Editor in 42.10 ms, found 3 plugins.
Preloading 0 native plugins for Editor in 0.00 ms.
Mono: successfully reloaded assembly
- Completed reload, in  1.061 seconds
Platform modules already initialized, skipping
========================================================================
Worker process is ready to serve import requests
Launched and connected shader compiler UnityShaderCompiler.exe after 0.04 seconds
Refreshing native plugins compatible for Editor in 0.41 ms, found 3 plugins.
Preloading 0 native plugins for Editor in 0.00 ms.
Unloading 2110 Unused Serialized files (Serialized files now loaded: 0)
System memory in use before: 95.5 MB.
System memory in use after: 95.6 MB.

Unloading 26 unused Assets to reduce memory usage. Loaded Objects now: 2550.
Total: 2.041200 ms (FindLiveObjects: 0.156700 ms CreateObjectMapping: 0.072200 ms MarkObjects: 1.742200 ms  DeleteObjects: 0.069000 ms)

========================================================================
Received Import Request.
  path: Assets/Scenes/Level01 1.unity
  artifactKey: Guid(45b7012377777d449b35cefd0d31eb9c) Importer(815301076,1909f56bfc062723c751e8b465ee728b)
Start importing Assets/Scenes/Level01 1.unity using Guid(45b7012377777d449b35cefd0d31eb9c) Importer(815301076,1909f56bfc062723c751e8b465ee728b)  -> (artifact id: '43c9a3811342a7e2f7c4d5fbc1c72ae0') in 0.019866 seconds
  Import took 0.023411 seconds .

========================================================================
Received Import Request.
  Time since last request: 7.777728 seconds.
  path: Assets/Scenes/Level02.unity
  artifactKey: Guid(45b7012377777d449b35cefd0d31eb9c) Importer(815301076,1909f56bfc062723c751e8b465ee728b)
Start importing Assets/Scenes/Level02.unity using Guid(45b7012377777d449b35cefd0d31eb9c) Importer(815301076,1909f56bfc062723c751e8b465ee728b)  -> (artifact id: '23f164461daaa377b5682b2dac0a24c0') in 0.013885 seconds
  Import took 0.019268 seconds .

========================================================================
Received Import Request.
  Time since last request: 123.188008 seconds.
  path: Assets/Scripts/SceneManager.cs
  artifactKey: Guid(176b25754cb3ac74f8d879d3462b4abb) Importer(815301076,1909f56bfc062723c751e8b465ee728b)
Start importing Assets/Scripts/SceneManager.cs using Guid(176b25754cb3ac74f8d879d3462b4abb) Importer(815301076,1909f56bfc062723c751e8b465ee728b)  -> (artifact id: '649fea5cf53a50b6254789c54e382141') in 0.030531 seconds
  Import took 0.034701 seconds .

========================================================================
Received Prepare
Registering precompiled user dll's ...
Registered in 0.002584 seconds.
Begin MonoManager ReloadAssembly
Native extension for WindowsStandalone target not found
Refreshing native plugins compatible for Editor in 0.38 ms, found 3 plugins.
Preloading 0 native plugins for Editor in 0.00 ms.
Mono: successfully reloaded assembly
- Completed reload, in  1.000 seconds
Platform modules already initialized, skipping
Refreshing native plugins compatible for Editor in 0.45 ms, found 3 plugins.
Preloading 0 native plugins for Editor in 0.00 ms.
Unloading 2086 Unused Serialized files (Serialized files now loaded: 0)
System memory in use before: 93.6 MB.
System memory in use after: 93.7 MB.

Unloading 14 unused Assets to reduce memory usage. Loaded Objects now: 2553.
Total: 2.187800 ms (FindLiveObjects: 0.138800 ms CreateObjectMapping: 0.049800 ms MarkObjects: 1.980600 ms  DeleteObjects: 0.017400 ms)

========================================================================
Received Import Request.
  Time since last request: 56.350003 seconds.
  path: Assets/Scripts/SceneManagerScript.cs
  artifactKey: Guid(77cf69cdedb97fb4da071d06ec0aea4f) Importer(815301076,1909f56bfc062723c751e8b465ee728b)
Start importing Assets/Scripts/SceneManagerScript.cs using Guid(77cf69cdedb97fb4da071d06ec0aea4f) Importer(815301076,1909f56bfc062723c751e8b465ee728b)  -> (artifact id: '4f71914f391004f5ca5f58e169404fa4') in 0.009791 seconds
  Import took 0.018604 seconds .

========================================================================
Received Import Request.
  Time since last request: 0.021957 seconds.
  path: Assets/Scripts/SceneManagerScript.cs
  artifactKey: Guid(77cf69cdedb97fb4da071d06ec0aea4f) Importer(815301076,1909f56bfc062723c751e8b465ee728b)
Start importing Assets/Scripts/SceneManagerScript.cs using Guid(77cf69cdedb97fb4da071d06ec0aea4f) Importer(815301076,1909f56bfc062723c751e8b465ee728b)  -> (artifact id: '4f71914f391004f5ca5f58e169404fa4') in 0.003321 seconds
  Import took 0.006856 seconds .

========================================================================
Received Prepare
Registering precompiled user dll's ...
Registered in 0.002547 seconds.
Begin MonoManager ReloadAssembly
Native extension for WindowsStandalone target not found
Refreshing native plugins compatible for Editor in 0.38 ms, found 3 plugins.
Preloading 0 native plugins for Editor in 0.00 ms.
Mono: successfully reloaded assembly
- Completed reload, in  1.056 seconds
Platform modules already initialized, skipping
Refreshing native plugins compatible for Editor in 0.43 ms, found 3 plugins.
Preloading 0 native plugins for Editor in 0.00 ms.
Unloading 2087 Unused Serialized files (Serialized files now loaded: 0)
System memory in use before: 93.6 MB.
System memory in use after: 93.8 MB.

Unloading 14 unused Assets to reduce memory usage. Loaded Objects now: 2557.
Total: 2.213200 ms (FindLiveObjects: 0.134900 ms CreateObjectMapping: 0.048900 ms MarkObjects: 1.944600 ms  DeleteObjects: 0.083500 ms)

========================================================================
Received Prepare
Registering precompiled user dll's ...
Registered in 0.002544 seconds.
Begin MonoManager ReloadAssembly
Native extension for WindowsStandalone target not found
Refreshing native plugins compatible for Editor in 0.44 ms, found 3 plugins.
Preloading 0 native plugins for Editor in 0.00 ms.
Mono: successfully reloaded assembly
- Completed reload, in  0.944 seconds
Platform modules already initialized, skipping
Refreshing native plugins compatible for Editor in 0.43 ms, found 3 plugins.
Preloading 0 native plugins for Editor in 0.00 ms.
Unloading 2087 Unused Serialized files (Serialized files now loaded: 0)
System memory in use before: 93.7 MB.
System memory in use after: 93.8 MB.

Unloading 14 unused Assets to reduce memory usage. Loaded Objects now: 2560.
Total: 2.143300 ms (FindLiveObjects: 0.138800 ms CreateObjectMapping: 0.052300 ms MarkObjects: 1.876300 ms  DeleteObjects: 0.074600 ms)

========================================================================
Received Prepare
Registering precompiled user dll's ...
Registered in 0.002465 seconds.
Begin MonoManager ReloadAssembly
Native extension for WindowsStandalone target not found
Refreshing native plugins compatible for Editor in 0.35 ms, found 3 plugins.
Preloading 0 native plugins for Editor in 0.00 ms.
Mono: successfully reloaded assembly
- Completed reload, in  0.984 seconds
Platform modules already initialized, skipping
Refreshing native plugins compatible for Editor in 0.41 ms, found 3 plugins.
Preloading 0 native plugins for Editor in 0.00 ms.
Unloading 2087 Unused Serialized files (Serialized files now loaded: 0)
System memory in use before: 93.7 MB.
System memory in use after: 93.8 MB.

Unloading 14 unused Assets to reduce memory usage. Loaded Objects now: 2563.
Total: 2.417000 ms (FindLiveObjects: 0.184200 ms CreateObjectMapping: 0.061900 ms MarkObjects: 2.144400 ms  DeleteObjects: 0.024500 ms)

========================================================================
Received Import Request.
  Time since last request: 63.861060 seconds.
  path: Assets/Scripts/SceneManagerScript.cs
  artifactKey: Guid(77cf69cdedb97fb4da071d06ec0aea4f) Importer(815301076,1909f56bfc062723c751e8b465ee728b)
Start importing Assets/Scripts/SceneManagerScript.cs using Guid(77cf69cdedb97fb4da071d06ec0aea4f) Importer(815301076,1909f56bfc062723c751e8b465ee728b)  -> (artifact id: '63d33ab338d74f450ad0438da6b0f69f') in 0.005244 seconds
  Import took 0.008636 seconds .

========================================================================
Received Prepare
Registering precompiled user dll's ...
Registered in 0.002821 seconds.
Begin MonoManager ReloadAssembly
Native extension for WindowsStandalone target not found
Refreshing native plugins compatible for Editor in 0.42 ms, found 3 plugins.
Preloading 0 native plugins for Editor in 0.00 ms.
Mono: successfully reloaded assembly
- Completed reload, in  1.014 seconds
Platform modules already initialized, skipping
Refreshing native plugins compatible for Editor in 0.56 ms, found 3 plugins.
Preloading 0 native plugins for Editor in 0.00 ms.
Unloading 2087 Unused Serialized files (Serialized files now loaded: 0)
System memory in use before: 93.7 MB.
System memory in use after: 93.8 MB.

Unloading 14 unused Assets to reduce memory usage. Loaded Objects now: 2566.
Total: 1.955500 ms (FindLiveObjects: 0.140600 ms CreateObjectMapping: 0.051800 ms MarkObjects: 1.733900 ms  DeleteObjects: 0.027800 ms)

========================================================================
Received Prepare
Registering precompiled user dll's ...
Registered in 0.002733 seconds.
Begin MonoManager ReloadAssembly
Native extension for WindowsStandalone target not found
Refreshing native plugins compatible for Editor in 0.37 ms, found 3 plugins.
Preloading 0 native plugins for Editor in 0.00 ms.
Mono: successfully reloaded assembly
- Completed reload, in  0.946 seconds
Platform modules already initialized, skipping
Refreshing native plugins compatible for Editor in 0.48 ms, found 3 plugins.
Preloading 0 native plugins for Editor in 0.00 ms.
Unloading 2087 Unused Serialized files (Serialized files now loaded: 0)
System memory in use before: 93.7 MB.
System memory in use after: 93.8 MB.

Unloading 14 unused Assets to reduce memory usage. Loaded Objects now: 2569.
Total: 2.047300 ms (FindLiveObjects: 0.139500 ms CreateObjectMapping: 0.050000 ms MarkObjects: 1.828400 ms  DeleteObjects: 0.028500 ms)

========================================================================
Received Prepare
Registering precompiled user dll's ...
Registered in 0.006836 seconds.
Begin MonoManager ReloadAssembly
Native extension for WindowsStandalone target not found
Refreshing native plugins compatible for Editor in 0.59 ms, found 3 plugins.
Preloading 0 native plugins for Editor in 0.00 ms.
Mono: successfully reloaded assembly
- Completed reload, in  2.292 seconds
Platform modules already initialized, skipping
Refreshing native plugins compatible for Editor in 0.76 ms, found 3 plugins.
Preloading 0 native plugins for Editor in 0.00 ms.
Unloading 2087 Unused Serialized files (Serialized files now loaded: 0)
System memory in use before: 93.7 MB.
System memory in use after: 93.8 MB.

Unloading 14 unused Assets to reduce memory usage. Loaded Objects now: 2572.
Total: 5.287800 ms (FindLiveObjects: 0.525200 ms CreateObjectMapping: 0.498200 ms MarkObjects: 4.221100 ms  DeleteObjects: 0.036800 ms)

========================================================================
Received Prepare
Registering precompiled user dll's ...
Registered in 0.005609 seconds.
Begin MonoManager ReloadAssembly
Native extension for WindowsStandalone target not found
Refreshing native plugins compatible for Editor in 0.72 ms, found 3 plugins.
Preloading 0 native plugins for Editor in 0.00 ms.
Mono: successfully reloaded assembly
- Completed reload, in  2.157 seconds
Platform modules already initialized, skipping
Refreshing native plugins compatible for Editor in 0.80 ms, found 3 plugins.
Preloading 0 native plugins for Editor in 0.00 ms.
Unloading 2087 Unused Serialized files (Serialized files now loaded: 0)
System memory in use before: 93.7 MB.
System memory in use after: 93.9 MB.

Unloading 14 unused Assets to reduce memory usage. Loaded Objects now: 2575.
Total: 5.021600 ms (FindLiveObjects: 0.253900 ms CreateObjectMapping: 0.103500 ms MarkObjects: 4.614600 ms  DeleteObjects: 0.047100 ms)

AssetImportWorkerClient::OnTransportError - code=2 error=End of file
